1719389026905	geckodriver	INFO	Listening on 127.0.0.1:57426
1719389029958	mozrunner::runner	INFO	Running command: "C:\\Program Files\\Mozilla Firefox\\firefox.exe" "--marionette" "--remote-debugging-port" "57427" "--remote-allow-hosts" "localhost" "-no-remote" "-profile" "C:\\Users\\SHIVA~1.GHA\\AppData\\Local\\Temp\\rust_mozprofilevLLIdu"
console.warn: services.settings: Ignoring preference override of remote settings server
console.warn: services.settings: Allow by setting MOZ_REMOTE_SETTINGS_DEVTOOLS=1 in the environment
Dynamically enable window occlusion 0
1719389031478	Marionette	INFO	Marionette enabled
1719389031774	Marionette	INFO	Listening on port 57446
WebDriver BiDi listening on ws://127.0.0.1:57427
Read port: 57446
1719389032288	RemoteAgent	WARN	TLS certificate errors will be ignored for this session
DevTools listening on ws://127.0.0.1:57427/devtools/browser/acc7ac6b-a5a8-4087-8a9e-9594030235ac
1719389061505	addons.xpi	ERROR	System addon update list error SyntaxError: XMLHttpRequest.open: 'http://%(server)s/dummy-system-addons.xml' is not a valid URL.
JavaScript warning: https://stage.bama.ir/_nuxt/c93bedf.modern.js, line 2: Script terminated by timeout at:
resolve@https://stage.bama.ir/_nuxt/c93bedf.modern.js:2:5747
getPadding@https://stage.bama.ir/_nuxt/c93bedf.modern.js:2:13875
j@https://stage.bama.ir/_nuxt/c93bedf.modern.js:2:15781
cn@https://stage.bama.ir/_nuxt/c93bedf.modern.js:2:38821
m@https://stage.bama.ir/_nuxt/c93bedf.modern.js:2:36040

1719389064378	Marionette	INFO	Stopped listening on port 57446
Dynamically enable window occlusion 1
console.warn: services.settings: main/pioneer-study-addons-v1 sync interrupted by shutdown
console.warn: services.settings: main/top-sites sync interrupted by shutdown
console.warn: services.settings: main/doh-providers sync interrupted by shutdown
console.warn: services.settings: main/doh-config sync interrupted by shutdown
console.warn: services.settings: main/devtools-devices sync interrupted by shutdown
console.warn: services.settings: main/websites-with-shared-credential-backends sync interrupted by shutdown
console.warn: services.settings: main/language-dictionaries sync interrupted by shutdown
console.warn: services.settings: main/password-recipes sync interrupted by shutdown
console.warn: services.settings: main/password-rules sync interrupted by shutdown
console.warn: services.settings: main/addons-manager-settings sync interrupted by shutdown
console.warn: services.settings: main/query-stripping sync interrupted by shutdown
console.warn: services.settings: main/partitioning-exempt-urls sync interrupted by shutdown
console.warn: services.settings: main/translations-wasm sync interrupted by shutdown
console.warn: services.settings: main/search-config-icons sync interrupted by shutdown
console.warn: services.settings: main/search-config-overrides sync interrupted by shutdown
console.warn: services.settings: main/search-default-override-allowlist sync interrupted by shutdown
console.warn: services.settings: main/search-config-overrides-v2 sync interrupted by shutdown
console.warn: services.settings: main/search-config sync interrupted by shutdown
console.warn: services.settings: main/fingerprinting-protection-overrides sync interrupted by shutdown
console.warn: services.settings: main/url-classifier-skip-urls sync interrupted by shutdown
console.warn: services.settings: main/translations-models sync interrupted by shutdown
console.warn: services.settings: main/cookie-banner-rules-list sync interrupted by shutdown
console.warn: services.settings: main/devtools-compatibility-browsers sync interrupted by shutdown
